Flow report for DE0_NANO
Thu Nov 29 20:44:57 2018
Quartus Prime Version 16.1.2 Build 203 01/18/2017 SJ Lite Edition


---------------------
; Table of Contents ;
---------------------
  1. Legal Notice
  2. Flow Summary
  3. Flow Settings
  4. Flow Non-Default Global Settings
  5. Flow Elapsed Time
  6. Flow OS Summary
  7. Flow Log
  8. Flow Messages
  9. Flow Suppressed Messages



----------------
; Legal Notice ;
----------------
Copyright (C) 2017  Intel Corporation. All rights reserved.
Your use of Intel Corporation's design tools, logic functions 
and other software and tools, and its AMPP partner logic 
functions, and any output files from any of the foregoing 
(including device programming or simulation files), and any 
associated documentation or information are expressly subject 
to the terms and conditions of the Intel Program License 
Subscription Agreement, the Intel Quartus Prime License Agreement,
the Intel MegaCore Function License Agreement, or other 
applicable license agreement, including, without limitation, 
that your use is for the sole purpose of programming logic 
devices manufactured by Intel and sold by Intel or its 
authorized distributors.  Please refer to the applicable 
agreement for further details.



+----------------------------------------------------------------------------------+
; Flow Summary                                                                     ;
+------------------------------------+---------------------------------------------+
; Flow Status                        ; Successful - Thu Nov 29 20:44:51 2018       ;
; Quartus Prime Version              ; 16.1.2 Build 203 01/18/2017 SJ Lite Edition ;
; Revision Name                      ; DE0_NANO                                    ;
; Top-level Entity Name              ; DE0_NANO                                    ;
; Family                             ; Cyclone IV E                                ;
; Device                             ; EP4CE22F17C6                                ;
; Timing Models                      ; Final                                       ;
; Total logic elements               ; 857 / 22,320 ( 4 % )                        ;
;     Total combinational functions  ; 678 / 22,320 ( 3 % )                        ;
;     Dedicated logic registers      ; 444 / 22,320 ( 2 % )                        ;
; Total registers                    ; 444                                         ;
; Total pins                         ; 73 / 154 ( 47 % )                           ;
; Total virtual pins                 ; 0                                           ;
; Total memory bits                  ; 202,752 / 608,256 ( 33 % )                  ;
; Embedded Multiplier 9-bit elements ; 0 / 132 ( 0 % )                             ;
; Total PLLs                         ; 1 / 4 ( 25 % )                              ;
+------------------------------------+---------------------------------------------+


+-----------------------------------------+
; Flow Settings                           ;
+-------------------+---------------------+
; Option            ; Setting             ;
+-------------------+---------------------+
; Start date & time ; 11/29/2018 20:44:21 ;
; Main task         ; Compilation         ;
; Revision Name     ; DE0_NANO            ;
+-------------------+---------------------+


+-------------------------------------------------------------------------------------------------------------------------+
; Flow Non-Default Global Settings                                                                                        ;
+-------------------------------------+----------------------------------------+---------------+-------------+------------+
; Assignment Name                     ; Value                                  ; Default Value ; Entity Name ; Section Id ;
+-------------------------------------+----------------------------------------+---------------+-------------+------------+
; COMPILER_SIGNATURE_ID               ; 52237091421.154354226111180            ; --            ; --          ; --         ;
; MAX_CORE_JUNCTION_TEMP              ; 85                                     ; --            ; --          ; --         ;
; MIN_CORE_JUNCTION_TEMP              ; 0                                      ; --            ; --          ; --         ;
; MISC_FILE                           ; sweetPLL_inst.v                        ; --            ; --          ; --         ;
; MISC_FILE                           ; sweetPLL_bb.v                          ; --            ; --          ; --         ;
; MISC_FILE                           ; sweetPLL.ppf                           ; --            ; --          ; --         ;
; PARTITION_COLOR                     ; -- (Not supported for targeted family) ; --            ; --          ; Top        ;
; PARTITION_FITTER_PRESERVATION_LEVEL ; -- (Not supported for targeted family) ; --            ; --          ; Top        ;
; PARTITION_NETLIST_TYPE              ; -- (Not supported for targeted family) ; --            ; --          ; Top        ;
; POWER_BOARD_THERMAL_MODEL           ; None (CONSERVATIVE)                    ; --            ; --          ; --         ;
; POWER_PRESET_COOLING_SOLUTION       ; 23 MM HEAT SINK WITH 200 LFPM AIRFLOW  ; --            ; --          ; --         ;
+-------------------------------------+----------------------------------------+---------------+-------------+------------+


+-------------------------------------------------------------------------------------------------------------------------------+
; Flow Elapsed Time                                                                                                             ;
+---------------------------+--------------+-------------------------+---------------------+------------------------------------+
; Module Name               ; Elapsed Time ; Average Processors Used ; Peak Virtual Memory ; Total CPU Time (on all processors) ;
+---------------------------+--------------+-------------------------+---------------------+------------------------------------+
; Analysis & Synthesis      ; 00:00:16     ; 1.0                     ; 4813 MB             ; 00:00:28                           ;
; Fitter                    ; 00:00:09     ; 1.1                     ; 5577 MB             ; 00:00:11                           ;
; Assembler                 ; 00:00:02     ; 1.0                     ; 4695 MB             ; 00:00:02                           ;
; TimeQuest Timing Analyzer ; 00:00:05     ; 1.1                     ; 4811 MB             ; 00:00:03                           ;
; Total                     ; 00:00:32     ; --                      ; --                  ; 00:00:44                           ;
+---------------------------+--------------+-------------------------+---------------------+------------------------------------+


+-----------------------------------------------------------------------------------------+
; Flow OS Summary                                                                         ;
+---------------------------+------------------+------------+------------+----------------+
; Module Name               ; Machine Hostname ; OS Name    ; OS Version ; Processor type ;
+---------------------------+------------------+------------+------------+----------------+
; Analysis & Synthesis      ; limabean         ; Windows 10 ; 10.0       ; x86_64         ;
; Fitter                    ; limabean         ; Windows 10 ; 10.0       ; x86_64         ;
; Assembler                 ; limabean         ; Windows 10 ; 10.0       ; x86_64         ;
; TimeQuest Timing Analyzer ; limabean         ; Windows 10 ; 10.0       ; x86_64         ;
+---------------------------+------------------+------------+------------+----------------+


------------
; Flow Log ;
------------
quartus_map --read_settings_files=on --write_settings_files=off DE0_NANO -c DE0_NANO
quartus_fit --read_settings_files=off --write_settings_files=off DE0_NANO -c DE0_NANO
quartus_asm --read_settings_files=off --write_settings_files=off DE0_NANO -c DE0_NANO
quartus_sta DE0_NANO -c DE0_NANO



